<?xml version="1.0" encoding="UTF-8"?>
<!-- Generated by org.testng.reporters.JUnitReportReporter -->
<testsuite hostname="MININT-8HS7JBR" failures="0" tests="2" name="testing.Day1" time="0.008" errors="0" timestamp="2022-10-05T23:12:16 SAST" skipped="0">
  <testcase classname="testing.Day1" name="lemon" time="0.001"/>
  <system-out/>
  <testcase classname="testing.Day1" name="demo" time="0.007"/>
  <system-out/>
</testsuite> <!-- testing.Day1 -->
